<?xml version="1.0" encoding="UTF-8"?>
<!-- Generated by org.testng.reporters.JUnitReportReporter -->
<testsuite hostname="Diptalok_Sahoo" failures="0" tests="1" name="runnerClass.RunnerIO" time="17.184" errors="0" timestamp="2024-03-16T10:05:37 IST" skipped="0">
  <testcase classname="runnerClass.RunnerIO" name="runScenario" time="17.184"/>
</testsuite> <!-- runnerClass.RunnerIO -->
