<?xml version="1.0" encoding="UTF-8"?>
<!-- Generated by org.testng.reporters.JUnitReportReporter -->
<testsuite hostname="Diptalok_Sahoo" failures="0" tests="1" name="runnerClass.RunnerIO2" time="51.282" errors="0" timestamp="2024-03-18T07:42:51 IST" skipped="0">
  <testcase classname="runnerClass.RunnerIO2" name="runScenario" time="51.282"/>
</testsuite> <!-- runnerClass.RunnerIO2 -->
